22-06-2023 22:15:59 Hook 'CreateProcess' installed successfully.
22-06-2023 22:15:59 Data File E:\net\base 5\webcord-win32-x64\resources\webcord.asar
22-06-2023 22:15:59 Salt loaded
22-06-2023 22:15:59 Hook 'ReadFile' installed successfully.
22-06-2023 22:16:00 Hook 'CreateProcess' installed successfully.
22-06-2023 22:16:00 Data File E:\net\base 5\webcord-win32-x64\resources\webcord.asar
22-06-2023 22:16:00 Salt loaded
22-06-2023 22:16:00 Hook 'ReadFile' installed successfully.
22-06-2023 22:16:03 Hook 'CreateProcess' installed successfully.
22-06-2023 22:16:03 Data File E:\net\base 5\webcord-win32-x64\resources\webcord.asar
22-06-2023 22:16:03 Salt loaded
22-06-2023 22:16:03 Hook 'ReadFile' installed successfully.
22-06-2023 22:16:08 Hook 'CreateProcess' installed successfully.
22-06-2023 22:16:08 Data File E:\net\base 5\webcord-win32-x64\resources\webcord.asar
22-06-2023 22:16:08 Salt loaded
22-06-2023 22:16:08 Hook 'ReadFile' installed successfully.
22-06-2023 22:16:21 Hook 'CreateProcess' installed successfully.
22-06-2023 22:16:21 Data File E:\net\base 5\webcord-win32-x64\resources\webcord.asar
22-06-2023 22:16:21 Salt loaded
22-06-2023 22:16:21 Hook 'ReadFile' installed successfully.
22-06-2023 23:38:35 Hook 'CreateProcess' installed successfully.
22-06-2023 23:38:35 Data File E:\net\base 5\webcord-win32-x64\resources\webcord.asar
22-06-2023 23:38:35 Salt loaded
22-06-2023 23:38:35 Hook 'ReadFile' installed successfully.
22-06-2023 23:38:37 Hook 'CreateProcess' installed successfully.
22-06-2023 23:38:37 Data File E:\net\base 5\webcord-win32-x64\resources\webcord.asar
22-06-2023 23:38:37 Salt loaded
22-06-2023 23:38:37 Hook 'ReadFile' installed successfully.
22-06-2023 23:38:40 Hook 'CreateProcess' installed successfully.
22-06-2023 23:38:40 Data File E:\net\base 5\webcord-win32-x64\resources\webcord.asar
22-06-2023 23:38:40 Salt loaded
22-06-2023 23:38:40 Hook 'ReadFile' installed successfully.
23-06-2023 23:54:48 Hook 'CreateProcess' installed successfully.
23-06-2023 23:54:48 Data File E:\net\base 5\webcord-win32-x64\resources\webcord.asar
23-06-2023 23:54:48 Salt loaded
23-06-2023 23:54:48 Hook 'ReadFile' installed successfully.
23-06-2023 23:54:53 Hook 'CreateProcess' installed successfully.
23-06-2023 23:54:53 Data File E:\net\base 5\webcord-win32-x64\resources\webcord.asar
23-06-2023 23:54:53 Salt loaded
23-06-2023 23:54:53 Hook 'ReadFile' installed successfully.
23-06-2023 23:54:57 Hook 'CreateProcess' installed successfully.
23-06-2023 23:54:57 Data File E:\net\base 5\webcord-win32-x64\resources\webcord.asar
23-06-2023 23:54:57 Salt loaded
23-06-2023 23:54:57 Hook 'ReadFile' installed successfully.
23-06-2023 23:55:00 Hook 'CreateProcess' installed successfully.
23-06-2023 23:55:00 Data File E:\net\base 5\webcord-win32-x64\resources\webcord.asar
23-06-2023 23:55:00 Salt loaded
23-06-2023 23:55:00 Hook 'ReadFile' installed successfully.
23-06-2023 23:55:01 Hook 'CreateProcess' installed successfully.
23-06-2023 23:55:01 Data File E:\net\base 5\webcord-win32-x64\resources\webcord.asar
23-06-2023 23:55:01 Salt loaded
23-06-2023 23:55:01 Hook 'ReadFile' installed successfully.
23-06-2023 23:55:02 Hook 'CreateProcess' installed successfully.
23-06-2023 23:55:02 Data File E:\net\base 5\webcord-win32-x64\resources\webcord.asar
23-06-2023 23:55:02 Salt loaded
23-06-2023 23:55:02 Hook 'ReadFile' installed successfully.
23-06-2023 23:55:03 Hook 'CreateProcess' installed successfully.
23-06-2023 23:55:03 Data File E:\net\base 5\webcord-win32-x64\resources\webcord.asar
23-06-2023 23:55:03 Salt loaded
23-06-2023 23:55:03 Hook 'ReadFile' installed successfully.
23-06-2023 23:55:04 Hook 'CreateProcess' installed successfully.
23-06-2023 23:55:04 Data File E:\net\base 5\webcord-win32-x64\resources\webcord.asar
23-06-2023 23:55:04 Salt loaded
23-06-2023 23:55:04 Hook 'ReadFile' installed successfully.
23-06-2023 23:55:04 Hook 'CreateProcess' installed successfully.
23-06-2023 23:55:04 Data File E:\net\base 5\webcord-win32-x64\resources\webcord.asar
23-06-2023 23:55:04 Salt loaded
23-06-2023 23:55:04 Hook 'ReadFile' installed successfully.
23-06-2023 23:55:05 Hook 'CreateProcess' installed successfully.
23-06-2023 23:55:05 Data File E:\net\base 5\webcord-win32-x64\resources\webcord.asar
23-06-2023 23:55:05 Salt loaded
23-06-2023 23:55:05 Hook 'ReadFile' installed successfully.
23-06-2023 23:55:06 Hook 'CreateProcess' installed successfully.
23-06-2023 23:55:06 Data File E:\net\base 5\webcord-win32-x64\resources\webcord.asar
23-06-2023 23:55:06 Salt loaded
23-06-2023 23:55:06 Hook 'ReadFile' installed successfully.
23-06-2023 23:55:06 Hook 'CreateProcess' installed successfully.
23-06-2023 23:55:06 Data File E:\net\base 5\webcord-win32-x64\resources\webcord.asar
23-06-2023 23:55:06 Salt loaded
23-06-2023 23:55:06 Hook 'ReadFile' installed successfully.
23-06-2023 23:55:07 Hook 'CreateProcess' installed successfully.
23-06-2023 23:55:07 Data File E:\net\base 5\webcord-win32-x64\resources\webcord.asar
23-06-2023 23:55:07 Salt loaded
23-06-2023 23:55:07 Hook 'ReadFile' installed successfully.
23-06-2023 23:55:09 Hook 'CreateProcess' installed successfully.
23-06-2023 23:55:09 Data File E:\net\base 5\webcord-win32-x64\resources\webcord.asar
23-06-2023 23:55:09 Salt loaded
23-06-2023 23:55:09 Hook 'ReadFile' installed successfully.
23-06-2023 23:55:10 Hook 'CreateProcess' installed successfully.
23-06-2023 23:55:10 Data File E:\net\base 5\webcord-win32-x64\resources\webcord.asar
23-06-2023 23:55:10 Salt loaded
23-06-2023 23:55:10 Hook 'ReadFile' installed successfully.
23-06-2023 23:55:10 Hook 'CreateProcess' installed successfully.
23-06-2023 23:55:10 Data File E:\net\base 5\webcord-win32-x64\resources\webcord.asar
23-06-2023 23:55:10 Salt loaded
23-06-2023 23:55:10 Hook 'ReadFile' installed successfully.
23-06-2023 23:55:11 Hook 'CreateProcess' installed successfully.
23-06-2023 23:55:11 Data File E:\net\base 5\webcord-win32-x64\resources\webcord.asar
23-06-2023 23:55:11 Salt loaded
23-06-2023 23:55:11 Hook 'ReadFile' installed successfully.
23-06-2023 23:55:13 Hook 'CreateProcess' installed successfully.
23-06-2023 23:55:13 Data File E:\net\base 5\webcord-win32-x64\resources\webcord.asar
23-06-2023 23:55:13 Salt loaded
23-06-2023 23:55:13 Hook 'ReadFile' installed successfully.
23-06-2023 23:55:13 Hook 'CreateProcess' installed successfully.
23-06-2023 23:55:13 Data File E:\net\base 5\webcord-win32-x64\resources\webcord.asar
23-06-2023 23:55:13 Salt loaded
23-06-2023 23:55:13 Hook 'ReadFile' installed successfully.
23-06-2023 23:55:14 Hook 'CreateProcess' installed successfully.
23-06-2023 23:55:14 Data File E:\net\base 5\webcord-win32-x64\resources\webcord.asar
23-06-2023 23:55:14 Salt loaded
23-06-2023 23:55:14 Hook 'ReadFile' installed successfully.
23-06-2023 23:55:15 Hook 'CreateProcess' installed successfully.
23-06-2023 23:55:15 Data File E:\net\base 5\webcord-win32-x64\resources\webcord.asar
23-06-2023 23:55:15 Salt loaded
23-06-2023 23:55:15 Hook 'ReadFile' installed successfully.
23-06-2023 23:55:16 Hook 'CreateProcess' installed successfully.
23-06-2023 23:55:16 Data File E:\net\base 5\webcord-win32-x64\resources\webcord.asar
23-06-2023 23:55:16 Salt loaded
23-06-2023 23:55:16 Hook 'ReadFile' installed successfully.
23-06-2023 23:55:17 Hook 'CreateProcess' installed successfully.
23-06-2023 23:55:17 Data File E:\net\base 5\webcord-win32-x64\resources\webcord.asar
23-06-2023 23:55:17 Salt loaded
23-06-2023 23:55:17 Hook 'ReadFile' installed successfully.
23-06-2023 23:55:18 Hook 'CreateProcess' installed successfully.
23-06-2023 23:55:18 Data File E:\net\base 5\webcord-win32-x64\resources\webcord.asar
23-06-2023 23:55:18 Salt loaded
23-06-2023 23:55:18 Hook 'ReadFile' installed successfully.
23-06-2023 23:55:18 Hook 'CreateProcess' installed successfully.
23-06-2023 23:55:18 Data File E:\net\base 5\webcord-win32-x64\resources\webcord.asar
23-06-2023 23:55:18 Salt loaded
23-06-2023 23:55:18 Hook 'ReadFile' installed successfully.
23-06-2023 23:55:20 Hook 'CreateProcess' installed successfully.
23-06-2023 23:55:20 Data File E:\net\base 5\webcord-win32-x64\resources\webcord.asar
23-06-2023 23:55:20 Salt loaded
23-06-2023 23:55:20 Hook 'ReadFile' installed successfully.
23-06-2023 23:55:21 Hook 'CreateProcess' installed successfully.
23-06-2023 23:55:21 Data File E:\net\base 5\webcord-win32-x64\resources\webcord.asar
23-06-2023 23:55:21 Salt loaded
23-06-2023 23:55:21 Hook 'ReadFile' installed successfully.
23-06-2023 23:55:22 Hook 'CreateProcess' installed successfully.
23-06-2023 23:55:22 Data File E:\net\base 5\webcord-win32-x64\resources\webcord.asar
23-06-2023 23:55:22 Salt loaded
23-06-2023 23:55:22 Hook 'ReadFile' installed successfully.
23-06-2023 23:55:22 Hook 'CreateProcess' installed successfully.
23-06-2023 23:55:22 Data File E:\net\base 5\webcord-win32-x64\resources\webcord.asar
23-06-2023 23:55:22 Salt loaded
23-06-2023 23:55:22 Hook 'ReadFile' installed successfully.
23-06-2023 23:55:24 Hook 'CreateProcess' installed successfully.
23-06-2023 23:55:24 Data File E:\net\base 5\webcord-win32-x64\resources\webcord.asar
23-06-2023 23:55:24 Salt loaded
23-06-2023 23:55:24 Hook 'ReadFile' installed successfully.
23-06-2023 23:55:25 Hook 'CreateProcess' installed successfully.
23-06-2023 23:55:25 Data File E:\net\base 5\webcord-win32-x64\resources\webcord.asar
23-06-2023 23:55:25 Salt loaded
23-06-2023 23:55:25 Hook 'ReadFile' installed successfully.
23-06-2023 23:55:25 Hook 'CreateProcess' installed successfully.
23-06-2023 23:55:25 Data File E:\net\base 5\webcord-win32-x64\resources\webcord.asar
23-06-2023 23:55:25 Salt loaded
23-06-2023 23:55:25 Hook 'ReadFile' installed successfully.
23-06-2023 23:55:26 Hook 'CreateProcess' installed successfully.
23-06-2023 23:55:26 Data File E:\net\base 5\webcord-win32-x64\resources\webcord.asar
23-06-2023 23:55:26 Salt loaded
23-06-2023 23:55:26 Hook 'ReadFile' installed successfully.
23-06-2023 23:55:28 Hook 'CreateProcess' installed successfully.
23-06-2023 23:55:28 Data File E:\net\base 5\webcord-win32-x64\resources\webcord.asar
23-06-2023 23:55:28 Salt loaded
23-06-2023 23:55:28 Hook 'ReadFile' installed successfully.
23-06-2023 23:55:28 Hook 'CreateProcess' installed successfully.
23-06-2023 23:55:28 Data File E:\net\base 5\webcord-win32-x64\resources\webcord.asar
23-06-2023 23:55:28 Salt loaded
23-06-2023 23:55:28 Hook 'ReadFile' installed successfully.
23-06-2023 23:55:29 Hook 'CreateProcess' installed successfully.
23-06-2023 23:55:29 Data File E:\net\base 5\webcord-win32-x64\resources\webcord.asar
23-06-2023 23:55:29 Salt loaded
23-06-2023 23:55:29 Hook 'ReadFile' installed successfully.
23-06-2023 23:55:30 Hook 'CreateProcess' installed successfully.
23-06-2023 23:55:30 Data File E:\net\base 5\webcord-win32-x64\resources\webcord.asar
23-06-2023 23:55:30 Salt loaded
23-06-2023 23:55:30 Hook 'ReadFile' installed successfully.
23-06-2023 23:55:31 Hook 'CreateProcess' installed successfully.
23-06-2023 23:55:31 Data File E:\net\base 5\webcord-win32-x64\resources\webcord.asar
23-06-2023 23:55:31 Salt loaded
23-06-2023 23:55:31 Hook 'ReadFile' installed successfully.
23-06-2023 23:55:32 Hook 'CreateProcess' installed successfully.
23-06-2023 23:55:32 Data File E:\net\base 5\webcord-win32-x64\resources\webcord.asar
23-06-2023 23:55:32 Salt loaded
23-06-2023 23:55:32 Hook 'ReadFile' installed successfully.
23-06-2023 23:55:33 Hook 'CreateProcess' installed successfully.
23-06-2023 23:55:33 Data File E:\net\base 5\webcord-win32-x64\resources\webcord.asar
23-06-2023 23:55:33 Salt loaded
23-06-2023 23:55:33 Hook 'ReadFile' installed successfully.
23-06-2023 23:55:34 Hook 'CreateProcess' installed successfully.
23-06-2023 23:55:34 Data File E:\net\base 5\webcord-win32-x64\resources\webcord.asar
23-06-2023 23:55:34 Salt loaded
23-06-2023 23:55:34 Hook 'ReadFile' installed successfully.
23-06-2023 23:55:35 Hook 'CreateProcess' installed successfully.
23-06-2023 23:55:35 Data File E:\net\base 5\webcord-win32-x64\resources\webcord.asar
23-06-2023 23:55:35 Salt loaded
23-06-2023 23:55:35 Hook 'ReadFile' installed successfully.
23-06-2023 23:55:36 Hook 'CreateProcess' installed successfully.
23-06-2023 23:55:36 Data File E:\net\base 5\webcord-win32-x64\resources\webcord.asar
23-06-2023 23:55:36 Salt loaded
23-06-2023 23:55:36 Hook 'ReadFile' installed successfully.
23-06-2023 23:55:37 Hook 'CreateProcess' installed successfully.
23-06-2023 23:55:37 Data File E:\net\base 5\webcord-win32-x64\resources\webcord.asar
23-06-2023 23:55:37 Salt loaded
23-06-2023 23:55:37 Hook 'ReadFile' installed successfully.
23-06-2023 23:55:37 Hook 'CreateProcess' installed successfully.
23-06-2023 23:55:37 Data File E:\net\base 5\webcord-win32-x64\resources\webcord.asar
23-06-2023 23:55:37 Salt loaded
23-06-2023 23:55:37 Hook 'ReadFile' installed successfully.
23-06-2023 23:55:39 Hook 'CreateProcess' installed successfully.
23-06-2023 23:55:39 Data File E:\net\base 5\webcord-win32-x64\resources\webcord.asar
23-06-2023 23:55:39 Salt loaded
23-06-2023 23:55:39 Hook 'ReadFile' installed successfully.
23-06-2023 23:55:40 Hook 'CreateProcess' installed successfully.
23-06-2023 23:55:40 Data File E:\net\base 5\webcord-win32-x64\resources\webcord.asar
23-06-2023 23:55:40 Salt loaded
23-06-2023 23:55:40 Hook 'ReadFile' installed successfully.
23-06-2023 23:55:40 Hook 'CreateProcess' installed successfully.
23-06-2023 23:55:40 Data File E:\net\base 5\webcord-win32-x64\resources\webcord.asar
23-06-2023 23:55:40 Salt loaded
23-06-2023 23:55:40 Hook 'ReadFile' installed successfully.
23-06-2023 23:55:41 Hook 'CreateProcess' installed successfully.
23-06-2023 23:55:41 Data File E:\net\base 5\webcord-win32-x64\resources\webcord.asar
23-06-2023 23:55:41 Salt loaded
23-06-2023 23:55:41 Hook 'ReadFile' installed successfully.
23-06-2023 23:55:43 Hook 'CreateProcess' installed successfully.
23-06-2023 23:55:43 Data File E:\net\base 5\webcord-win32-x64\resources\webcord.asar
23-06-2023 23:55:43 Salt loaded
23-06-2023 23:55:43 Hook 'ReadFile' installed successfully.
23-06-2023 23:55:43 Hook 'CreateProcess' installed successfully.
23-06-2023 23:55:43 Data File E:\net\base 5\webcord-win32-x64\resources\webcord.asar
23-06-2023 23:55:43 Salt loaded
23-06-2023 23:55:43 Hook 'ReadFile' installed successfully.
23-06-2023 23:55:44 Hook 'CreateProcess' installed successfully.
23-06-2023 23:55:44 Data File E:\net\base 5\webcord-win32-x64\resources\webcord.asar
23-06-2023 23:55:44 Salt loaded
23-06-2023 23:55:44 Hook 'ReadFile' installed successfully.
23-06-2023 23:55:45 Hook 'CreateProcess' installed successfully.
23-06-2023 23:55:45 Data File E:\net\base 5\webcord-win32-x64\resources\webcord.asar
23-06-2023 23:55:45 Salt loaded
23-06-2023 23:55:45 Hook 'ReadFile' installed successfully.
23-06-2023 23:55:46 Hook 'CreateProcess' installed successfully.
23-06-2023 23:55:46 Data File E:\net\base 5\webcord-win32-x64\resources\webcord.asar
23-06-2023 23:55:46 Salt loaded
23-06-2023 23:55:46 Hook 'ReadFile' installed successfully.
23-06-2023 23:55:47 Hook 'CreateProcess' installed successfully.
23-06-2023 23:55:47 Data File E:\net\base 5\webcord-win32-x64\resources\webcord.asar
23-06-2023 23:55:47 Salt loaded
23-06-2023 23:55:47 Hook 'ReadFile' installed successfully.
23-06-2023 23:55:48 Hook 'CreateProcess' installed successfully.
23-06-2023 23:55:48 Data File E:\net\base 5\webcord-win32-x64\resources\webcord.asar
23-06-2023 23:55:48 Salt loaded
23-06-2023 23:55:48 Hook 'ReadFile' installed successfully.
23-06-2023 23:55:48 Hook 'CreateProcess' installed successfully.
23-06-2023 23:55:48 Data File E:\net\base 5\webcord-win32-x64\resources\webcord.asar
23-06-2023 23:55:48 Salt loaded
23-06-2023 23:55:48 Hook 'ReadFile' installed successfully.
23-06-2023 23:55:50 Hook 'CreateProcess' installed successfully.
23-06-2023 23:55:50 Data File E:\net\base 5\webcord-win32-x64\resources\webcord.asar
23-06-2023 23:55:50 Salt loaded
23-06-2023 23:55:50 Hook 'ReadFile' installed successfully.
23-06-2023 23:55:51 Hook 'CreateProcess' installed successfully.
23-06-2023 23:55:51 Data File E:\net\base 5\webcord-win32-x64\resources\webcord.asar
23-06-2023 23:55:51 Salt loaded
23-06-2023 23:55:51 Hook 'ReadFile' installed successfully.
23-06-2023 23:55:51 Hook 'CreateProcess' installed successfully.
23-06-2023 23:55:51 Data File E:\net\base 5\webcord-win32-x64\resources\webcord.asar
23-06-2023 23:55:51 Salt loaded
23-06-2023 23:55:51 Hook 'ReadFile' installed successfully.
23-06-2023 23:55:52 Hook 'CreateProcess' installed successfully.
23-06-2023 23:55:52 Data File E:\net\base 5\webcord-win32-x64\resources\webcord.asar
23-06-2023 23:55:52 Salt loaded
23-06-2023 23:55:52 Hook 'ReadFile' installed successfully.
23-06-2023 23:55:54 Hook 'CreateProcess' installed successfully.
23-06-2023 23:55:54 Data File E:\net\base 5\webcord-win32-x64\resources\webcord.asar
23-06-2023 23:55:54 Salt loaded
23-06-2023 23:55:54 Hook 'ReadFile' installed successfully.
23-06-2023 23:55:54 Hook 'CreateProcess' installed successfully.
23-06-2023 23:55:54 Data File E:\net\base 5\webcord-win32-x64\resources\webcord.asar
23-06-2023 23:55:54 Salt loaded
23-06-2023 23:55:54 Hook 'ReadFile' installed successfully.
23-06-2023 23:55:55 Hook 'CreateProcess' installed successfully.
23-06-2023 23:55:55 Data File E:\net\base 5\webcord-win32-x64\resources\webcord.asar
23-06-2023 23:55:55 Salt loaded
23-06-2023 23:55:55 Hook 'ReadFile' installed successfully.
23-06-2023 23:55:56 Hook 'CreateProcess' installed successfully.
23-06-2023 23:55:56 Data File E:\net\base 5\webcord-win32-x64\resources\webcord.asar
23-06-2023 23:55:56 Salt loaded
23-06-2023 23:55:56 Hook 'ReadFile' installed successfully.
23-06-2023 23:55:57 Hook 'CreateProcess' installed successfully.
23-06-2023 23:55:57 Data File E:\net\base 5\webcord-win32-x64\resources\webcord.asar
23-06-2023 23:55:57 Salt loaded
23-06-2023 23:55:57 Hook 'ReadFile' installed successfully.
23-06-2023 23:55:58 Hook 'CreateProcess' installed successfully.
23-06-2023 23:55:58 Data File E:\net\base 5\webcord-win32-x64\resources\webcord.asar
23-06-2023 23:55:58 Salt loaded
23-06-2023 23:55:58 Hook 'ReadFile' installed successfully.
23-06-2023 23:55:59 Hook 'CreateProcess' installed successfully.
23-06-2023 23:55:59 Data File E:\net\base 5\webcord-win32-x64\resources\webcord.asar
23-06-2023 23:55:59 Salt loaded
23-06-2023 23:55:59 Hook 'ReadFile' installed successfully.
23-06-2023 23:56:00 Hook 'CreateProcess' installed successfully.
23-06-2023 23:56:00 Data File E:\net\base 5\webcord-win32-x64\resources\webcord.asar
23-06-2023 23:56:00 Salt loaded
23-06-2023 23:56:00 Hook 'ReadFile' installed successfully.
23-06-2023 23:56:01 Hook 'CreateProcess' installed successfully.
23-06-2023 23:56:01 Data File E:\net\base 5\webcord-win32-x64\resources\webcord.asar
23-06-2023 23:56:01 Salt loaded
23-06-2023 23:56:01 Hook 'ReadFile' installed successfully.
23-06-2023 23:56:02 Hook 'CreateProcess' installed successfully.
23-06-2023 23:56:02 Data File E:\net\base 5\webcord-win32-x64\resources\webcord.asar
23-06-2023 23:56:02 Salt loaded
23-06-2023 23:56:02 Hook 'ReadFile' installed successfully.
23-06-2023 23:56:03 Hook 'CreateProcess' installed successfully.
23-06-2023 23:56:03 Data File E:\net\base 5\webcord-win32-x64\resources\webcord.asar
23-06-2023 23:56:03 Salt loaded
23-06-2023 23:56:03 Hook 'ReadFile' installed successfully.
23-06-2023 23:56:03 Hook 'CreateProcess' installed successfully.
23-06-2023 23:56:03 Data File E:\net\base 5\webcord-win32-x64\resources\webcord.asar
23-06-2023 23:56:03 Salt loaded
23-06-2023 23:56:03 Hook 'ReadFile' installed successfully.
23-06-2023 23:56:05 Hook 'CreateProcess' installed successfully.
23-06-2023 23:56:05 Data File E:\net\base 5\webcord-win32-x64\resources\webcord.asar
23-06-2023 23:56:05 Salt loaded
23-06-2023 23:56:05 Hook 'ReadFile' installed successfully.
23-06-2023 23:56:06 Hook 'CreateProcess' installed successfully.
23-06-2023 23:56:06 Data File E:\net\base 5\webcord-win32-x64\resources\webcord.asar
23-06-2023 23:56:06 Salt loaded
23-06-2023 23:56:06 Hook 'ReadFile' installed successfully.
23-06-2023 23:56:06 Hook 'CreateProcess' installed successfully.
23-06-2023 23:56:06 Data File E:\net\base 5\webcord-win32-x64\resources\webcord.asar
23-06-2023 23:56:06 Salt loaded
23-06-2023 23:56:06 Hook 'ReadFile' installed successfully.
23-06-2023 23:56:07 Hook 'CreateProcess' installed successfully.
23-06-2023 23:56:07 Data File E:\net\base 5\webcord-win32-x64\resources\webcord.asar
23-06-2023 23:56:07 Salt loaded
23-06-2023 23:56:07 Hook 'ReadFile' installed successfully.
23-06-2023 23:56:09 Hook 'CreateProcess' installed successfully.
23-06-2023 23:56:09 Data File E:\net\base 5\webcord-win32-x64\resources\webcord.asar
23-06-2023 23:56:09 Salt loaded
23-06-2023 23:56:09 Hook 'ReadFile' installed successfully.
23-06-2023 23:56:09 Hook 'CreateProcess' installed successfully.
23-06-2023 23:56:09 Data File E:\net\base 5\webcord-win32-x64\resources\webcord.asar
23-06-2023 23:56:09 Salt loaded
23-06-2023 23:56:09 Hook 'ReadFile' installed successfully.
23-06-2023 23:56:10 Hook 'CreateProcess' installed successfully.
23-06-2023 23:56:10 Data File E:\net\base 5\webcord-win32-x64\resources\webcord.asar
23-06-2023 23:56:10 Salt loaded
23-06-2023 23:56:10 Hook 'ReadFile' installed successfully.
23-06-2023 23:56:11 Hook 'CreateProcess' installed successfully.
23-06-2023 23:56:11 Data File E:\net\base 5\webcord-win32-x64\resources\webcord.asar
23-06-2023 23:56:11 Salt loaded
23-06-2023 23:56:11 Hook 'ReadFile' installed successfully.
23-06-2023 23:56:12 Hook 'CreateProcess' installed successfully.
23-06-2023 23:56:12 Data File E:\net\base 5\webcord-win32-x64\resources\webcord.asar
23-06-2023 23:56:12 Salt loaded
23-06-2023 23:56:12 Hook 'ReadFile' installed successfully.
24-06-2023 03:34:49 Hook 'CreateProcess' installed successfully.
24-06-2023 03:34:49 Data File E:\net\base 5\webcord-win32-x64\resources\webcord.asar
24-06-2023 03:34:49 Salt loaded
24-06-2023 03:34:49 Hook 'ReadFile' installed successfully.
24-06-2023 21:37:59 Hook 'CreateProcess' installed successfully.
24-06-2023 21:37:59 Data File E:\net\base 5\webcord-win32-x64\resources\webcord.asar
24-06-2023 21:37:59 Salt loaded
24-06-2023 21:37:59 Hook 'ReadFile' installed successfully.
24-06-2023 21:38:00 Hook 'CreateProcess' installed successfully.
24-06-2023 21:38:00 Data File E:\net\base 5\webcord-win32-x64\resources\webcord.asar
24-06-2023 21:38:00 Salt loaded
24-06-2023 21:38:00 Hook 'ReadFile' installed successfully.
24-06-2023 21:38:03 Hook 'CreateProcess' installed successfully.
24-06-2023 21:38:03 Data File E:\net\base 5\webcord-win32-x64\resources\webcord.asar
24-06-2023 21:38:03 Salt loaded
24-06-2023 21:38:03 Hook 'ReadFile' installed successfully.
24-06-2023 21:49:32 Hook 'CreateProcess' installed successfully.
24-06-2023 21:49:32 Data File E:\net\base 5\webcord-win32-x64\resources\webcord.asar
24-06-2023 21:49:32 Salt loaded
24-06-2023 21:49:32 Hook 'ReadFile' installed successfully.
24-06-2023 23:57:57 Hook 'CreateProcess' installed successfully.
24-06-2023 23:57:57 Data File E:\net\base 5\webcord-win32-x64\resources\webcord.asar
24-06-2023 23:57:57 Salt loaded
24-06-2023 23:57:57 Hook 'ReadFile' installed successfully.
25-06-2023 00:38:26 Hook 'CreateProcess' installed successfully.
25-06-2023 00:38:26 Data File E:\net\base 5\webcord-win32-x64\resources\webcord.asar
25-06-2023 00:38:26 Salt loaded
25-06-2023 00:38:26 Hook 'ReadFile' installed successfully.
26-06-2023 01:36:41 Hook 'CreateProcess' installed successfully.
26-06-2023 01:36:41 Data File E:\net\base 5\webcord-win32-x64\resources\webcord.asar
26-06-2023 01:36:41 Salt loaded
26-06-2023 01:36:41 Hook 'ReadFile' installed successfully.
26-06-2023 01:36:42 Hook 'CreateProcess' installed successfully.
26-06-2023 01:36:42 Data File E:\net\base 5\webcord-win32-x64\resources\webcord.asar
26-06-2023 01:36:42 Salt loaded
26-06-2023 01:36:42 Hook 'ReadFile' installed successfully.
26-06-2023 01:36:45 Hook 'CreateProcess' installed successfully.
26-06-2023 01:36:45 Data File E:\net\base 5\webcord-win32-x64\resources\webcord.asar
26-06-2023 01:36:45 Salt loaded
26-06-2023 01:36:45 Hook 'ReadFile' installed successfully.
26-06-2023 02:12:29 Hook 'CreateProcess' installed successfully.
26-06-2023 02:12:29 Data File E:\net\base 5\webcord-win32-x64\resources\webcord.asar
26-06-2023 02:12:29 Salt loaded
26-06-2023 02:12:29 Hook 'ReadFile' installed successfully.
26-06-2023 17:24:10 Hook 'CreateProcess' installed successfully.
26-06-2023 17:24:10 Data File E:\net\base 5\webcord-win32-x64\resources\webcord.asar
26-06-2023 17:24:10 Salt loaded
26-06-2023 17:24:10 Hook 'ReadFile' installed successfully.
26-06-2023 17:24:11 Hook 'CreateProcess' installed successfully.
26-06-2023 17:24:11 Data File E:\net\base 5\webcord-win32-x64\resources\webcord.asar
26-06-2023 17:24:11 Salt loaded
26-06-2023 17:24:11 Hook 'ReadFile' installed successfully.
26-06-2023 17:24:14 Hook 'CreateProcess' installed successfully.
26-06-2023 17:24:14 Data File E:\net\base 5\webcord-win32-x64\resources\webcord.asar
26-06-2023 17:24:14 Salt loaded
26-06-2023 17:24:14 Hook 'ReadFile' installed successfully.
26-06-2023 18:02:12 Hook 'CreateProcess' installed successfully.
26-06-2023 18:02:12 Data File E:\net\base 5\webcord-win32-x64\resources\webcord.asar
26-06-2023 18:02:12 Salt loaded
26-06-2023 18:02:12 Hook 'ReadFile' installed successfully.
27-06-2023 03:46:46 Hook 'CreateProcess' installed successfully.
27-06-2023 03:46:46 Data File E:\net\base 5\webcord-win32-x64\resources\webcord.asar
27-06-2023 03:46:46 Salt loaded
27-06-2023 03:46:46 Hook 'ReadFile' installed successfully.
27-06-2023 03:47:15 Hook 'CreateProcess' installed successfully.
27-06-2023 03:47:15 Data File E:\net\base 5\webcord-win32-x64\resources\webcord.asar
27-06-2023 03:47:15 Salt loaded
27-06-2023 03:47:15 Hook 'ReadFile' installed successfully.
27-06-2023 03:47:29 Hook 'CreateProcess' installed successfully.
27-06-2023 03:47:29 Data File E:\net\base 5\webcord-win32-x64\resources\webcord.asar
27-06-2023 03:47:29 Salt loaded
27-06-2023 03:47:29 Hook 'ReadFile' installed successfully.
27-06-2023 03:47:39 Hook 'CreateProcess' installed successfully.
27-06-2023 03:47:39 Data File E:\net\base 5\webcord-win32-x64\resources\webcord.asar
27-06-2023 03:47:39 Salt loaded
27-06-2023 03:47:39 Hook 'ReadFile' installed successfully.
27-06-2023 03:47:53 Hook 'CreateProcess' installed successfully.
27-06-2023 03:47:53 Data File E:\net\base 5\webcord-win32-x64\resources\webcord.asar
27-06-2023 03:47:53 Salt loaded
27-06-2023 03:47:53 Hook 'ReadFile' installed successfully.
27-06-2023 03:49:18 Hook 'CreateProcess' installed successfully.
27-06-2023 03:49:18 Data File E:\net\base 5\webcord-win32-x64\resources\webcord.asar
27-06-2023 03:49:18 Salt loaded
27-06-2023 03:49:18 Hook 'ReadFile' installed successfully.
27-06-2023 04:01:15 Hook 'CreateProcess' installed successfully.
27-06-2023 04:01:15 Data File E:\net\base 5\webcord-win32-x64\resources\webcord.asar
27-06-2023 04:01:15 Salt loaded
27-06-2023 04:01:15 Hook 'ReadFile' installed successfully.
27-06-2023 04:07:54 Hook 'CreateProcess' installed successfully.
27-06-2023 04:07:54 Data File E:\net\base 5\webcord-win32-x64\resources\webcord.asar
27-06-2023 04:07:54 Salt loaded
27-06-2023 04:07:54 Hook 'ReadFile' installed successfully.
27-06-2023 04:08:18 Hook 'CreateProcess' installed successfully.
27-06-2023 04:08:18 Data File E:\net\base 5\webcord-win32-x64\resources\webcord.asar
27-06-2023 04:08:18 Salt loaded
27-06-2023 04:08:18 Hook 'ReadFile' installed successfully.
27-06-2023 08:43:18 Hook 'CreateProcess' installed successfully.
27-06-2023 08:43:18 Data File E:\net\base 5\webcord-win32-x64\resources\webcord.asar
27-06-2023 08:43:18 Salt loaded
27-06-2023 08:43:18 Hook 'ReadFile' installed successfully.
27-06-2023 14:10:18 Hook 'CreateProcess' installed successfully.
27-06-2023 14:10:18 Data File E:\net\base 5\webcord-win32-x64\resources\webcord.asar
27-06-2023 14:10:18 Salt loaded
27-06-2023 14:10:18 Hook 'ReadFile' installed successfully.
27-06-2023 14:11:13 Hook 'CreateProcess' installed successfully.
27-06-2023 14:11:13 Data File E:\net\base 5\webcord-win32-x64\resources\webcord.asar
27-06-2023 14:11:13 Salt loaded
27-06-2023 14:11:13 Hook 'ReadFile' installed successfully.
27-06-2023 18:21:35 Hook 'CreateProcess' installed successfully.
27-06-2023 18:21:35 Data File E:\net\base 5\webcord-win32-x64\resources\webcord.asar
27-06-2023 18:21:35 Salt loaded
27-06-2023 18:21:35 Hook 'ReadFile' installed successfully.
28-06-2023 00:16:05 Hook 'CreateProcess' installed successfully.
28-06-2023 00:16:05 Data File E:\net\base 5\webcord-win32-x64\resources\webcord.asar
28-06-2023 00:16:05 Salt loaded
28-06-2023 00:16:05 Hook 'ReadFile' installed successfully.
29-06-2023 21:00:43 Hook 'CreateProcess' installed successfully.
29-06-2023 21:00:43 Data File E:\net\base 5\webcord-win32-x64\resources\webcord.asar
29-06-2023 21:00:43 Salt loaded
29-06-2023 21:00:43 Hook 'ReadFile' installed successfully.
03-07-2023 18:34:46 Hook 'CreateProcess' installed successfully.
03-07-2023 18:34:46 Data File E:\net\base 5\webcord-win32-x64\resources\webcord.asar
03-07-2023 18:34:46 Salt loaded
03-07-2023 18:34:46 Hook 'ReadFile' installed successfully.
03-07-2023 18:34:47 Hook 'CreateProcess' installed successfully.
03-07-2023 18:34:47 Data File E:\net\base 5\webcord-win32-x64\resources\webcord.asar
03-07-2023 18:34:47 Salt loaded
03-07-2023 18:34:47 Hook 'ReadFile' installed successfully.
03-07-2023 18:34:50 Hook 'CreateProcess' installed successfully.
03-07-2023 18:34:50 Data File E:\net\base 5\webcord-win32-x64\resources\webcord.asar
03-07-2023 18:34:50 Salt loaded
03-07-2023 18:34:50 Hook 'ReadFile' installed successfully.
04-07-2023 02:41:01 Hook 'CreateProcess' installed successfully.
04-07-2023 02:41:01 Data File E:\net\base 5\webcord-win32-x64\resources\webcord.asar
04-07-2023 02:41:01 Salt loaded
04-07-2023 02:41:01 Hook 'ReadFile' installed successfully.
04-07-2023 03:54:01 Hook 'CreateProcess' installed successfully.
04-07-2023 03:54:01 Data File E:\net\base 5\webcord-win32-x64\resources\webcord.asar
04-07-2023 03:54:01 Salt loaded
04-07-2023 03:54:01 Hook 'ReadFile' installed successfully.
04-07-2023 16:13:42 Hook 'CreateProcess' installed successfully.
04-07-2023 16:13:42 Data File E:\net\base 5\webcord-win32-x64\resources\webcord.asar
04-07-2023 16:13:42 Salt loaded
04-07-2023 16:13:42 Hook 'ReadFile' installed successfully.
06-07-2023 22:50:16 Hook 'CreateProcess' installed successfully.
06-07-2023 22:50:16 Data File E:\net\base 5\webcord-win32-x64\resources\webcord.asar
06-07-2023 22:50:16 Salt loaded
06-07-2023 22:50:16 Hook 'ReadFile' installed successfully.
06-07-2023 22:50:17 Hook 'CreateProcess' installed successfully.
06-07-2023 22:50:17 Data File E:\net\base 5\webcord-win32-x64\resources\webcord.asar
06-07-2023 22:50:17 Salt loaded
06-07-2023 22:50:17 Hook 'ReadFile' installed successfully.
06-07-2023 22:50:20 Hook 'CreateProcess' installed successfully.
06-07-2023 22:50:20 Data File E:\net\base 5\webcord-win32-x64\resources\webcord.asar
06-07-2023 22:50:20 Salt loaded
06-07-2023 22:50:20 Hook 'ReadFile' installed successfully.
07-07-2023 11:22:11 Hook 'CreateProcess' installed successfully.
07-07-2023 11:22:11 Data File E:\net\base 5\webcord-win32-x64\resources\webcord.asar
07-07-2023 11:22:11 Salt loaded
07-07-2023 11:22:11 Hook 'ReadFile' installed successfully.
07-07-2023 11:22:48 Hook 'CreateProcess' installed successfully.
07-07-2023 11:22:48 Data File E:\net\base 5\webcord-win32-x64\resources\webcord.asar
07-07-2023 11:22:48 Salt loaded
07-07-2023 11:22:48 Hook 'ReadFile' installed successfully.
08-07-2023 11:12:21 Hook 'CreateProcess' installed successfully.
08-07-2023 11:12:21 Data File E:\net\base 5\webcord-win32-x64\resources\webcord.asar
08-07-2023 11:12:21 Salt loaded
08-07-2023 11:12:21 Hook 'ReadFile' installed successfully.
08-07-2023 11:12:23 Hook 'CreateProcess' installed successfully.
08-07-2023 11:12:23 Data File E:\net\base 5\webcord-win32-x64\resources\webcord.asar
08-07-2023 11:12:23 Salt loaded
08-07-2023 11:12:23 Hook 'ReadFile' installed successfully.
08-07-2023 11:12:26 Hook 'CreateProcess' installed successfully.
08-07-2023 11:12:26 Data File E:\net\base 5\webcord-win32-x64\resources\webcord.asar
08-07-2023 11:12:26 Salt loaded
08-07-2023 11:12:26 Hook 'ReadFile' installed successfully.
08-07-2023 22:05:57 Hook 'CreateProcess' installed successfully.
08-07-2023 22:05:57 Data File E:\net\base 5\webcord-win32-x64\resources\webcord.asar
08-07-2023 22:05:57 Salt loaded
08-07-2023 22:05:57 Hook 'ReadFile' installed successfully.
08-07-2023 22:05:59 Hook 'CreateProcess' installed successfully.
08-07-2023 22:05:59 Data File E:\net\base 5\webcord-win32-x64\resources\webcord.asar
08-07-2023 22:05:59 Salt loaded
08-07-2023 22:05:59 Hook 'ReadFile' installed successfully.
08-07-2023 22:06:02 Hook 'CreateProcess' installed successfully.
08-07-2023 22:06:02 Data File E:\net\base 5\webcord-win32-x64\resources\webcord.asar
08-07-2023 22:06:02 Salt loaded
08-07-2023 22:06:02 Hook 'ReadFile' installed successfully.
09-07-2023 01:14:06 Hook 'CreateProcess' installed successfully.
09-07-2023 01:14:06 Data File E:\net\base 5\webcord-win32-x64\resources\webcord.asar
09-07-2023 01:14:06 Salt loaded
09-07-2023 01:14:06 Hook 'ReadFile' installed successfully.
09-07-2023 01:14:08 Hook 'CreateProcess' installed successfully.
09-07-2023 01:14:08 Data File E:\net\base 5\webcord-win32-x64\resources\webcord.asar
09-07-2023 01:14:08 Salt loaded
09-07-2023 01:14:08 Hook 'ReadFile' installed successfully.
09-07-2023 01:14:11 Hook 'CreateProcess' installed successfully.
09-07-2023 01:14:11 Data File E:\net\base 5\webcord-win32-x64\resources\webcord.asar
09-07-2023 01:14:11 Salt loaded
09-07-2023 01:14:11 Hook 'ReadFile' installed successfully.
09-07-2023 01:14:19 Hook 'CreateProcess' installed successfully.
09-07-2023 01:14:19 Data File E:\net\base 5\webcord-win32-x64\resources\webcord.asar
09-07-2023 01:14:19 Salt loaded
09-07-2023 01:14:19 Hook 'ReadFile' installed successfully.
09-07-2023 01:14:20 Hook 'CreateProcess' installed successfully.
09-07-2023 01:14:20 Data File E:\net\base 5\webcord-win32-x64\resources\webcord.asar
09-07-2023 01:14:20 Salt loaded
09-07-2023 01:14:20 Hook 'ReadFile' installed successfully.
09-07-2023 01:14:30 Hook 'CreateProcess' installed successfully.
09-07-2023 01:14:30 Data File E:\net\base 5\webcord-win32-x64\resources\webcord.asar
09-07-2023 01:14:30 Salt loaded
09-07-2023 01:14:30 Hook 'ReadFile' installed successfully.
09-07-2023 01:14:39 Hook 'CreateProcess' installed successfully.
09-07-2023 01:14:39 Data File E:\net\base 5\webcord-win32-x64\resources\webcord.asar
09-07-2023 01:14:39 Salt loaded
09-07-2023 01:14:39 Hook 'ReadFile' installed successfully.
09-07-2023 01:14:48 Hook 'CreateProcess' installed successfully.
09-07-2023 01:14:48 Data File E:\net\base 5\webcord-win32-x64\resources\webcord.asar
09-07-2023 01:14:48 Salt loaded
09-07-2023 01:14:48 Hook 'ReadFile' installed successfully.
09-07-2023 01:14:57 Hook 'CreateProcess' installed successfully.
09-07-2023 01:14:57 Data File E:\net\base 5\webcord-win32-x64\resources\webcord.asar
09-07-2023 01:14:57 Salt loaded
09-07-2023 01:14:57 Hook 'ReadFile' installed successfully.
09-07-2023 01:15:06 Hook 'CreateProcess' installed successfully.
09-07-2023 01:15:06 Data File E:\net\base 5\webcord-win32-x64\resources\webcord.asar
09-07-2023 01:15:06 Salt loaded
09-07-2023 01:15:06 Hook 'ReadFile' installed successfully.
09-07-2023 01:15:15 Hook 'CreateProcess' installed successfully.
09-07-2023 01:15:15 Data File E:\net\base 5\webcord-win32-x64\resources\webcord.asar
09-07-2023 01:15:15 Salt loaded
09-07-2023 01:15:15 Hook 'ReadFile' installed successfully.
09-07-2023 01:15:24 Hook 'CreateProcess' installed successfully.
09-07-2023 01:15:24 Data File E:\net\base 5\webcord-win32-x64\resources\webcord.asar
09-07-2023 01:15:24 Salt loaded
09-07-2023 01:15:24 Hook 'ReadFile' installed successfully.
09-07-2023 01:15:33 Hook 'CreateProcess' installed successfully.
09-07-2023 01:15:33 Data File E:\net\base 5\webcord-win32-x64\resources\webcord.asar
09-07-2023 01:15:33 Salt loaded
09-07-2023 01:15:33 Hook 'ReadFile' installed successfully.
09-07-2023 01:15:42 Hook 'CreateProcess' installed successfully.
09-07-2023 01:15:42 Data File E:\net\base 5\webcord-win32-x64\resources\webcord.asar
09-07-2023 01:15:42 Salt loaded
09-07-2023 01:15:42 Hook 'ReadFile' installed successfully.
09-07-2023 01:15:51 Hook 'CreateProcess' installed successfully.
09-07-2023 01:15:51 Data File E:\net\base 5\webcord-win32-x64\resources\webcord.asar
09-07-2023 01:15:51 Salt loaded
09-07-2023 01:15:51 Hook 'ReadFile' installed successfully.
09-07-2023 01:16:00 Hook 'CreateProcess' installed successfully.
09-07-2023 01:16:00 Data File E:\net\base 5\webcord-win32-x64\resources\webcord.asar
09-07-2023 01:16:00 Salt loaded
09-07-2023 01:16:00 Hook 'ReadFile' installed successfully.
09-07-2023 01:16:09 Hook 'CreateProcess' installed successfully.
09-07-2023 01:16:09 Data File E:\net\base 5\webcord-win32-x64\resources\webcord.asar
09-07-2023 01:16:09 Salt loaded
09-07-2023 01:16:09 Hook 'ReadFile' installed successfully.
09-07-2023 01:16:18 Hook 'CreateProcess' installed successfully.
09-07-2023 01:16:18 Data File E:\net\base 5\webcord-win32-x64\resources\webcord.asar
09-07-2023 01:16:18 Salt loaded
09-07-2023 01:16:18 Hook 'ReadFile' installed successfully.
09-07-2023 01:16:27 Hook 'CreateProcess' installed successfully.
09-07-2023 01:16:27 Data File E:\net\base 5\webcord-win32-x64\resources\webcord.asar
09-07-2023 01:16:27 Salt loaded
09-07-2023 01:16:27 Hook 'ReadFile' installed successfully.
09-07-2023 01:16:36 Hook 'CreateProcess' installed successfully.
09-07-2023 01:16:36 Data File E:\net\base 5\webcord-win32-x64\resources\webcord.asar
09-07-2023 01:16:36 Salt loaded
09-07-2023 01:16:36 Hook 'ReadFile' installed successfully.
09-07-2023 01:16:45 Hook 'CreateProcess' installed successfully.
09-07-2023 01:16:45 Data File E:\net\base 5\webcord-win32-x64\resources\webcord.asar
09-07-2023 01:16:45 Salt loaded
09-07-2023 01:16:45 Hook 'ReadFile' installed successfully.
09-07-2023 01:16:54 Hook 'CreateProcess' installed successfully.
09-07-2023 01:16:54 Data File E:\net\base 5\webcord-win32-x64\resources\webcord.asar
09-07-2023 01:16:54 Salt loaded
09-07-2023 01:16:54 Hook 'ReadFile' installed successfully.
09-07-2023 01:17:03 Hook 'CreateProcess' installed successfully.
09-07-2023 01:17:03 Data File E:\net\base 5\webcord-win32-x64\resources\webcord.asar
09-07-2023 01:17:03 Salt loaded
09-07-2023 01:17:03 Hook 'ReadFile' installed successfully.
09-07-2023 01:17:12 Hook 'CreateProcess' installed successfully.
09-07-2023 01:17:12 Data File E:\net\base 5\webcord-win32-x64\resources\webcord.asar
09-07-2023 01:17:12 Salt loaded
09-07-2023 01:17:12 Hook 'ReadFile' installed successfully.
09-07-2023 01:17:21 Hook 'CreateProcess' installed successfully.
09-07-2023 01:17:21 Data File E:\net\base 5\webcord-win32-x64\resources\webcord.asar
09-07-2023 01:17:21 Salt loaded
09-07-2023 01:17:21 Hook 'ReadFile' installed successfully.
09-07-2023 01:17:30 Hook 'CreateProcess' installed successfully.
09-07-2023 01:17:30 Data File E:\net\base 5\webcord-win32-x64\resources\webcord.asar
09-07-2023 01:17:30 Salt loaded
09-07-2023 01:17:30 Hook 'ReadFile' installed successfully.
09-07-2023 01:17:39 Hook 'CreateProcess' installed successfully.
09-07-2023 01:17:39 Data File E:\net\base 5\webcord-win32-x64\resources\webcord.asar
09-07-2023 01:17:39 Salt loaded
09-07-2023 01:17:39 Hook 'ReadFile' installed successfully.
09-07-2023 01:17:48 Hook 'CreateProcess' installed successfully.
09-07-2023 01:17:48 Data File E:\net\base 5\webcord-win32-x64\resources\webcord.asar
09-07-2023 01:17:48 Salt loaded
09-07-2023 01:17:48 Hook 'ReadFile' installed successfully.
09-07-2023 01:17:57 Hook 'CreateProcess' installed successfully.
09-07-2023 01:17:57 Data File E:\net\base 5\webcord-win32-x64\resources\webcord.asar
09-07-2023 01:17:57 Salt loaded
09-07-2023 01:17:57 Hook 'ReadFile' installed successfully.
09-07-2023 01:18:06 Hook 'CreateProcess' installed successfully.
09-07-2023 01:18:06 Data File E:\net\base 5\webcord-win32-x64\resources\webcord.asar
09-07-2023 01:18:06 Salt loaded
09-07-2023 01:18:06 Hook 'ReadFile' installed successfully.
09-07-2023 01:18:15 Hook 'CreateProcess' installed successfully.
09-07-2023 01:18:15 Data File E:\net\base 5\webcord-win32-x64\resources\webcord.asar
09-07-2023 01:18:15 Salt loaded
09-07-2023 01:18:15 Hook 'ReadFile' installed successfully.
09-07-2023 01:18:24 Hook 'CreateProcess' installed successfully.
09-07-2023 01:18:24 Data File E:\net\base 5\webcord-win32-x64\resources\webcord.asar
09-07-2023 01:18:24 Salt loaded
09-07-2023 01:18:24 Hook 'ReadFile' installed successfully.
09-07-2023 01:18:33 Hook 'CreateProcess' installed successfully.
09-07-2023 01:18:33 Data File E:\net\base 5\webcord-win32-x64\resources\webcord.asar
09-07-2023 01:18:33 Salt loaded
09-07-2023 01:18:33 Hook 'ReadFile' installed successfully.
09-07-2023 01:18:42 Hook 'CreateProcess' installed successfully.
09-07-2023 01:18:42 Data File E:\net\base 5\webcord-win32-x64\resources\webcord.asar
09-07-2023 01:18:42 Salt loaded
09-07-2023 01:18:42 Hook 'ReadFile' installed successfully.
09-07-2023 01:18:51 Hook 'CreateProcess' installed successfully.
09-07-2023 01:18:51 Data File E:\net\base 5\webcord-win32-x64\resources\webcord.asar
09-07-2023 01:18:51 Salt loaded
09-07-2023 01:18:51 Hook 'ReadFile' installed successfully.
09-07-2023 01:19:00 Hook 'CreateProcess' installed successfully.
09-07-2023 01:19:00 Data File E:\net\base 5\webcord-win32-x64\resources\webcord.asar
09-07-2023 01:19:00 Salt loaded
09-07-2023 01:19:00 Hook 'ReadFile' installed successfully.
09-07-2023 01:19:10 Hook 'CreateProcess' installed successfully.
09-07-2023 01:19:10 Data File E:\net\base 5\webcord-win32-x64\resources\webcord.asar
09-07-2023 01:19:10 Salt loaded
09-07-2023 01:19:10 Hook 'ReadFile' installed successfully.
09-07-2023 01:19:19 Hook 'CreateProcess' installed successfully.
09-07-2023 01:19:19 Data File E:\net\base 5\webcord-win32-x64\resources\webcord.asar
09-07-2023 01:19:19 Salt loaded
09-07-2023 01:19:19 Hook 'ReadFile' installed successfully.
09-07-2023 01:19:28 Hook 'CreateProcess' installed successfully.
09-07-2023 01:19:28 Data File E:\net\base 5\webcord-win32-x64\resources\webcord.asar
09-07-2023 01:19:28 Salt loaded
09-07-2023 01:19:28 Hook 'ReadFile' installed successfully.
09-07-2023 01:19:29 Hook 'CreateProcess' installed successfully.
09-07-2023 01:19:29 Data File E:\net\base 5\webcord-win32-x64\resources\webcord.asar
09-07-2023 01:19:29 Salt loaded
09-07-2023 01:19:29 Hook 'ReadFile' installed successfully.
09-07-2023 01:19:37 Hook 'CreateProcess' installed successfully.
09-07-2023 01:19:37 Data File E:\net\base 5\webcord-win32-x64\resources\webcord.asar
09-07-2023 01:19:37 Salt loaded
09-07-2023 01:19:37 Hook 'ReadFile' installed successfully.
09-07-2023 01:19:46 Hook 'CreateProcess' installed successfully.
09-07-2023 01:19:46 Data File E:\net\base 5\webcord-win32-x64\resources\webcord.asar
09-07-2023 01:19:46 Salt loaded
09-07-2023 01:19:46 Hook 'ReadFile' installed successfully.
09-07-2023 01:19:55 Hook 'CreateProcess' installed successfully.
09-07-2023 01:19:55 Data File E:\net\base 5\webcord-win32-x64\resources\webcord.asar
09-07-2023 01:19:55 Salt loaded
09-07-2023 01:19:55 Hook 'ReadFile' installed successfully.
09-07-2023 01:20:04 Hook 'CreateProcess' installed successfully.
09-07-2023 01:20:04 Data File E:\net\base 5\webcord-win32-x64\resources\webcord.asar
09-07-2023 01:20:04 Salt loaded
09-07-2023 01:20:04 Hook 'ReadFile' installed successfully.
09-07-2023 01:31:49 Hook 'CreateProcess' installed successfully.
09-07-2023 01:31:49 Data File E:\net\base 5\webcord-win32-x64\resources\webcord.asar
09-07-2023 01:31:49 Salt loaded
09-07-2023 01:31:49 Hook 'ReadFile' installed successfully.
09-07-2023 03:48:28 Hook 'CreateProcess' installed successfully.
09-07-2023 03:48:28 Data File E:\net\base 5\webcord-win32-x64\resources\webcord.asar
09-07-2023 03:48:28 Salt loaded
09-07-2023 03:48:28 Hook 'ReadFile' installed successfully.
09-07-2023 03:48:29 Hook 'CreateProcess' installed successfully.
09-07-2023 03:48:29 Data File E:\net\base 5\webcord-win32-x64\resources\webcord.asar
09-07-2023 03:48:29 Salt loaded
09-07-2023 03:48:29 Hook 'ReadFile' installed successfully.
09-07-2023 03:48:33 Hook 'CreateProcess' installed successfully.
09-07-2023 03:48:33 Data File E:\net\base 5\webcord-win32-x64\resources\webcord.asar
09-07-2023 03:48:33 Salt loaded
09-07-2023 03:48:33 Hook 'ReadFile' installed successfully.
10-07-2023 05:06:22 Hook 'CreateProcess' installed successfully.
10-07-2023 05:06:22 Data File E:\net\base 5\webcord-win32-x64\resources\webcord.asar
10-07-2023 05:06:22 Salt loaded
10-07-2023 05:06:22 Hook 'ReadFile' installed successfully.
10-07-2023 05:06:23 Hook 'CreateProcess' installed successfully.
10-07-2023 05:06:23 Data File E:\net\base 5\webcord-win32-x64\resources\webcord.asar
10-07-2023 05:06:23 Salt loaded
10-07-2023 05:06:23 Hook 'ReadFile' installed successfully.
10-07-2023 05:06:26 Hook 'CreateProcess' installed successfully.
10-07-2023 05:06:26 Data File E:\net\base 5\webcord-win32-x64\resources\webcord.asar
10-07-2023 05:06:26 Salt loaded
10-07-2023 05:06:26 Hook 'ReadFile' installed successfully.
10-07-2023 17:15:49 Hook 'CreateProcess' installed successfully.
10-07-2023 17:15:49 Data File E:\net\base 5\webcord-win32-x64\resources\webcord.asar
10-07-2023 17:15:49 Salt loaded
10-07-2023 17:15:49 Hook 'ReadFile' installed successfully.
10-07-2023 17:15:51 Hook 'CreateProcess' installed successfully.
10-07-2023 17:15:51 Data File E:\net\base 5\webcord-win32-x64\resources\webcord.asar
10-07-2023 17:15:51 Salt loaded
10-07-2023 17:15:51 Hook 'ReadFile' installed successfully.
10-07-2023 17:15:55 Hook 'CreateProcess' installed successfully.
10-07-2023 17:15:55 Data File E:\net\base 5\webcord-win32-x64\resources\webcord.asar
10-07-2023 17:15:55 Salt loaded
10-07-2023 17:15:55 Hook 'ReadFile' installed successfully.
11-07-2023 05:52:31 Hook 'CreateProcess' installed successfully.
11-07-2023 05:52:31 Data File E:\net\base 5\webcord-win32-x64\resources\webcord.asar
11-07-2023 05:52:31 Salt loaded
11-07-2023 05:52:31 Hook 'ReadFile' installed successfully.
11-07-2023 11:23:14 Hook 'CreateProcess' installed successfully.
11-07-2023 11:23:14 Data File E:\net\base 5\webcord-win32-x64\resources\webcord.asar
11-07-2023 11:23:14 Salt loaded
11-07-2023 11:23:14 Hook 'ReadFile' installed successfully.
